Arguments: 
  /usr/local/bin/node /Users/alexanderalizarraga/.npm-global/bin/yarn run bundle

PATH: 
  /Users/alexanderalizarraga/.npm-global/bin:/usr/local/bin:/usr/bin:/bin:/usr/sbin:/sbin:/usr/local/mysql/bin:/opt/X11/bin:/Users/alexanderalizarraga/.npm-global/bin

Yarn version: 
  1.5.1

Node version: 
  8.9.3

Platform: 
  darwin x64

npm manifest: 
  {
    "name": "katenna-login",
    "version": "1.0.0",
    "description": "",
    "main": "index.js",
    "scripts": {
      "start": "node --use_strict index.js",
      "dev": "nodemon --use_strict index.js",
      "bundle": "webpack"
    },
    "author": "",
    "license": "ISC",
    "dependencies": {
      "axios": "^0.16.1",
      "bcryptjs": "^2.4.3",
      "body-parser": "^1.17.2",
      "express": "^4.15.3",
      "jsonwebtoken": "^7.4.1",
      "material-ui": "^0.18.1",
      "mongoose": "^4.10.4",
      "passport": "^0.3.2",
      "passport-local": "^1.0.0",
      "prop-types": "^15.5.10",
      "react": "^15.5.4",
      "react-dom": "^15.5.4",
      "react-google-login": "^3.1.0",
      "react-router": "^4.1.1",
      "react-router-dom": "^4.1.1",
      "react-tap-event-plugin": "^2.0.1",
      "validator": "^7.0.0"
    },
    "devDependencies": {
      "babel-core": "^6.24.1",
      "babel-loader": "^7.0.0",
      "babel-plugin-transform-es2015-destructuring": "^6.23.0",
      "babel-plugin-transform-object-rest-spread": "^6.23.0",
      "babel-preset-es2015": "^6.24.1",
      "babel-preset-react": "^6.24.1",
      "css-loader": "^0.28.11",
      "nodemon": "^1.11.0",
      "style-loader": "^0.20.3",
      "webpack": "^2.6.1"
    }
  }

yarn manifest: 
  No manifest

Lockfile: 
  No lockfile

Trace: 
  Error: Command failed.
  Exit code: 1
  Command: sh
  Arguments: -c webpack
  Directory: /Users/alexanderalizarraga/Desktop/bootcamp/katenna/ktnaAuthentication
  Output:
  
      at ProcessTermError.MessageError (/Users/alexanderalizarraga/.npm-global/lib/node_modules/yarn/lib/cli.js:186:110)
      at new ProcessTermError (/Users/alexanderalizarraga/.npm-global/lib/node_modules/yarn/lib/cli.js:226:113)
      at ChildProcess.<anonymous> (/Users/alexanderalizarraga/.npm-global/lib/node_modules/yarn/lib/cli.js:30281:17)
      at emitTwo (events.js:126:13)
      at ChildProcess.emit (events.js:214:7)
      at maybeClose (internal/child_process.js:925:16)
      at Process.ChildProcess._handle.onexit (internal/child_process.js:209:5)
